\BOOKMARK [1][-]{section.1}{\376\377\000I\000n\000t\000r\000o\000d\000u\000c\000c\000i\000\363\000n}{}% 1
\BOOKMARK [2][-]{subsection.1.1}{\376\377\000P\000y\000t\000h\000o\000n}{section.1}% 2
\BOOKMARK [2][-]{subsection.1.2}{\376\377\000P\000i\000p}{section.1}% 3
\BOOKMARK [2][-]{subsection.1.3}{\376\377\000P\000y\000g\000a\000m\000e}{section.1}% 4
\BOOKMARK [2][-]{subsection.1.4}{\376\377\000V\000i\000r\000t\000u\000a\000l\000\040\000E\000n\000v\000i\000r\000o\000n\000m\000e\000n\000t}{section.1}% 5
\BOOKMARK [1][-]{section.2}{\376\377\000O\000b\000j\000e\000t\000i\000v\000o\000s}{}% 6
\BOOKMARK [1][-]{section.3}{\376\377\000T\000a\000r\000e\000a}{}% 7
\BOOKMARK [2][-]{subsection.3.1}{\376\377\000E\000j\000e\000r\000c\000i\000c\000i\000o\000s\000\040\000P\000r\000o\000p\000u\000e\000s\000t\000o\000s}{section.3}% 8
\BOOKMARK [2][-]{subsection.3.2}{\376\377\000E\000j\000e\000r\000c\000i\000c\000i\000o\000s}{section.3}% 9
\BOOKMARK [1][-]{section.4}{\376\377\000E\000n\000t\000r\000e\000g\000a\000b\000l\000e\000s}{}% 10
\BOOKMARK [1][-]{section.5}{\376\377\000E\000q\000u\000i\000p\000o\000s\000,\000\040\000m\000a\000t\000e\000r\000i\000a\000l\000e\000s\000\040\000y\000\040\000t\000e\000m\000a\000s\000\040\000u\000t\000i\000l\000i\000z\000a\000d\000o\000s}{}% 11
\BOOKMARK [1][-]{section.6}{\376\377\000U\000R\000L\000\040\000d\000e\000\040\000R\000e\000p\000o\000s\000i\000t\000o\000r\000i\000o\000\040\000G\000i\000t\000h\000u\000b}{}% 12
\BOOKMARK [1][-]{section.7}{\376\377\000L\000i\000n\000k\000\040\000d\000e\000\040\000V\000i\000d\000e\000o}{}% 13
\BOOKMARK [1][-]{section.8}{\376\377\000M\000e\000t\000o\000d\000o\000l\000o\000g\000\355\000a}{}% 14
\BOOKMARK [2][-]{subsection.8.1}{\376\377\000I\000n\000s\000t\000a\000l\000a\000c\000i\000\363\000n\000\040\000d\000e\000\040\000P\000y\000t\000h\000o\000n}{section.8}% 15
\BOOKMARK [2][-]{subsection.8.2}{\376\377\000C\000r\000e\000a\000r\000\040\000e\000n\000t\000o\000r\000n\000o\000\040\000d\000e\000\040\000t\000r\000a\000b\000a\000j\000o}{section.8}% 16
\BOOKMARK [3][-]{subsubsection.8.2.1}{\376\377\000C\000r\000e\000a\000c\000i\000\363\000n\000\040\000c\000a\000r\000p\000e\000t\000a\000s\000\040\000d\000e\000\040\000T\000r\000a\000b\000a\000j\000o}{subsection.8.2}% 17
\BOOKMARK [3][-]{subsubsection.8.2.2}{\376\377\000U\000s\000o\000\040\000d\000e\000\040\000P\000i\000p\000\040\000p\000a\000r\000a\000\040\000i\000n\000s\000t\000a\000l\000l\000a\000r\000\040\000v\000i\000r\000t\000a\000l\000e\000n\000v\000\040\000\050\000C\000a\000r\000p\000e\000t\000a\000\040\000L\000a\000b\0000\0004\000\051}{subsection.8.2}% 18
\BOOKMARK [3][-]{subsubsection.8.2.3}{\376\377\000I\000n\000i\000c\000i\000a\000l\000i\000z\000a\000r\000\040\000G\000i\000t\000\040\000\050\000C\000a\000r\000p\000e\000t\000a\000\040\000s\000r\000c\000\051}{subsection.8.2}% 19
\BOOKMARK [2][-]{subsection.8.3}{\376\377\000A\000c\000t\000i\000v\000a\000r\000\040\000e\000n\000t\000o\000r\000n\000o\000\040\000V\000i\000r\000t\000u\000a\000l\000\040\000\050\000C\000a\000r\000p\000e\000t\000a\000\040\000l\000a\000b\0000\0004\000\051}{section.8}% 20
\BOOKMARK [2][-]{subsection.8.4}{\376\377\000O\000b\000t\000e\000n\000e\000r\000\040\000c\000l\000a\000s\000e\000s\000\050\000P\000i\000c\000t\000u\000r\000e\000,\000\040\000c\000h\000e\000s\000s\000P\000i\000c\000t\000u\000r\000e\000,\000\040\000e\000t\000c\000\051\000\040\000d\000e\000\040\000P\000y\000t\000h\000o\000n}{section.8}% 21
\BOOKMARK [2][-]{subsection.8.5}{\376\377\000I\000n\000s\000t\000a\000l\000a\000r\000\040\000P\000y\000g\000a\000m\000e}{section.8}% 22
\BOOKMARK [2][-]{subsection.8.6}{\376\377\000D\000e\000s\000a\000c\000t\000i\000v\000a\000r\000\040\000e\000n\000t\000o\000r\000n\000o\000\040\000V\000i\000r\000t\000u\000a\000l}{section.8}% 23
\BOOKMARK [1][-]{section.9}{\376\377\000D\000e\000s\000a\000r\000r\000o\000l\000l\000o\000\040\000d\000e\000l\000\040\000t\000r\000a\000b\000a\000j\000o}{}% 24
\BOOKMARK [2][-]{subsection.9.1}{\376\377\000P\000r\000o\000b\000a\000n\000d\000o\000\040\000f\000u\000n\000c\000i\000o\000n\000a\000m\000i\000e\000n\000t\000o\000\040\000d\000e\000\040\000c\000h\000e\000s\000s\000P\000i\000c\000t\000u\000r\000e\000s\000\040\000y\000\040\000d\000e\000l\000\040\000i\000n\000t\000e\000r\000p\000r\000e\000t\000e}{section.9}% 25
\BOOKMARK [2][-]{subsection.9.2}{\376\377\000P\000r\000o\000b\000a\000n\000d\000o\000\040\000m\000\351\000t\000o\000d\000o\000\040\000V\000e\000r\000t\000i\000c\000a\000l\000\040\000M\000i\000r\000r\000o\000r}{section.9}% 26
\BOOKMARK [2][-]{subsection.9.3}{\376\377\000I\000m\000p\000l\000e\000m\000e\000n\000t\000a\000c\000i\000\363\000n\000\040\000d\000e\000\040\000l\000o\000s\000\040\000M\000\351\000t\000o\000d\000o\000s\000\040\000e\000n\000\040\000l\000a\000\040\000c\000l\000a\000s\000e\000\040\000P\000i\000c\000t\000u\000r\000e\000:}{section.9}% 27
\BOOKMARK [3][-]{subsubsection.9.3.1}{\376\377\000h\000o\000r\000i\000z\000o\000n\000t\000a\000l\000M\000i\000r\000r\000o\000r\000\050\000\051}{subsection.9.3}% 28
\BOOKMARK [3][-]{subsubsection.9.3.2}{\376\377\000n\000e\000g\000a\000t\000i\000v\000e\000\050\000\051}{subsection.9.3}% 29
\BOOKMARK [3][-]{subsubsection.9.3.3}{\376\377\000j\000o\000i\000n\000\050\000\051}{subsection.9.3}% 30
\BOOKMARK [3][-]{subsubsection.9.3.4}{\376\377\000u\000p\000\050\000\051}{subsection.9.3}% 31
\BOOKMARK [3][-]{subsubsection.9.3.5}{\376\377\000u\000n\000d\000e\000r\000\050\000\051}{subsection.9.3}% 32
\BOOKMARK [3][-]{subsubsection.9.3.6}{\376\377\000h\000o\000r\000i\000z\000o\000n\000t\000a\000l\000R\000e\000p\000e\000a\000t\000\050\000\051}{subsection.9.3}% 33
\BOOKMARK [3][-]{subsubsection.9.3.7}{\376\377\000v\000e\000r\000t\000i\000c\000a\000l\000R\000e\000p\000e\000a\000t\000\050\000\051}{subsection.9.3}% 34
\BOOKMARK [3][-]{subsubsection.9.3.8}{\376\377\000r\000o\000t\000a\000t\000e\000\050\000\051}{subsection.9.3}% 35
\BOOKMARK [3][-]{subsubsection.9.3.9}{\376\377\000E\000X\000T\000R\000A\000:\000\040\000v\000e\000r\000t\000i\000c\000a\000l\000M\000i\000r\000r\000o\000r}{subsection.9.3}% 36
\BOOKMARK [2][-]{subsection.9.4}{\376\377\000E\000J\000E\000R\000C\000I\000C\000I\000O\000S}{section.9}% 37
\BOOKMARK [3][-]{subsubsection.9.4.1}{\376\377\000E\000j\000e\000r\000c\000i\000c\000i\000o\000\040\0001\000\040\000\050\000A\000\051}{subsection.9.4}% 38
\BOOKMARK [3][-]{subsubsection.9.4.2}{\376\377\000E\000j\000e\000r\000c\000i\000c\000i\000o\000\040\0002\000\040\000\050\000B\000\051}{subsection.9.4}% 39
\BOOKMARK [3][-]{subsubsection.9.4.3}{\376\377\000E\000j\000e\000r\000c\000i\000c\000i\000o\000\040\0003\000\040\000\050\000C\000\051}{subsection.9.4}% 40
\BOOKMARK [3][-]{subsubsection.9.4.4}{\376\377\000E\000j\000e\000r\000c\000i\000c\000i\000o\000\040\0004\000\040\000\050\000D\000\051}{subsection.9.4}% 41
\BOOKMARK [3][-]{subsubsection.9.4.5}{\376\377\000E\000j\000e\000r\000c\000i\000c\000i\000o\000\040\0005\000\040\000\050\000E\000\051}{subsection.9.4}% 42
\BOOKMARK [3][-]{subsubsection.9.4.6}{\376\377\000E\000j\000e\000r\000c\000i\000c\000i\000o\000\040\0006\000\040\000\050\000F\000\051}{subsection.9.4}% 43
\BOOKMARK [3][-]{subsubsection.9.4.7}{\376\377\000E\000j\000e\000r\000c\000i\000c\000i\000o\000\040\0007\000\040\000\050\000G\000\051}{subsection.9.4}% 44
\BOOKMARK [2][-]{subsection.9.5}{\376\377\000U\000s\000o\000\040\000d\000e\000\040\000G\000i\000t\000H\000u\000b}{section.9}% 45
\BOOKMARK [3][-]{subsubsection.9.5.1}{\376\377\000U\000s\000u\000a\000r\000i\000o\000\040\000d\000e\000\040\000G\000i\000t\000H\000u\000b}{subsection.9.5}% 46
\BOOKMARK [3][-]{subsubsection.9.5.2}{\376\377\000C\000r\000e\000a\000c\000i\000\363\000n\000\040\000d\000e\000\040\000u\000n\000\040\000N\000u\000e\000v\000o\000\040\000R\000e\000p\000o\000s\000i\000t\000o\000r\000i\000o}{subsection.9.5}% 47
\BOOKMARK [3][-]{subsubsection.9.5.3}{\376\377\000C\000o\000m\000a\000n\000d\000o\000s\000\040\000d\000e\000\040\000C\000o\000n\000f\000i\000g\000u\000r\000a\000c\000i\000\363\000n}{subsection.9.5}% 48
\BOOKMARK [3][-]{subsubsection.9.5.4}{\376\377\000I\000m\000p\000l\000e\000m\000e\000n\000t\000a\000c\000i\000\363\000n\000\040\000d\000e\000\040\000R\000e\000a\000d\000m\000e\000.\000m\000d}{subsection.9.5}% 49
\BOOKMARK [3][-]{subsubsection.9.5.5}{\376\377\000R\000e\000g\000i\000s\000t\000r\000o\000\040\000d\000e\000\040\000c\000a\000m\000b\000i\000o\000s\000\040\000e\000n\000\040\000m\000i\000\040\000c\000\363\000d\000i\000g\000o}{subsection.9.5}% 50
\BOOKMARK [3][-]{subsubsection.9.5.6}{\376\377\000R\000e\000p\000o\000s\000i\000t\000o\000r\000i\000o}{subsection.9.5}% 51
\BOOKMARK [3][-]{subsubsection.9.5.7}{\376\377\000P\000r\000o\000y\000e\000c\000t\000o\000\040\000c\000o\000m\000p\000a\000r\000t\000i\000d\000o\000\040\000c\000o\000n\000\040\000e\000l\000\040\000D\000o\000c\000e\000n\000t\000e\000\040\000d\000e\000\040\000g\000i\000t\000h\000u\000b}{subsection.9.5}% 52
\BOOKMARK [1][-]{section.10}{\376\377\000R\000e\000c\000o\000m\000e\000n\000s\000a\000c\000i\000o\000n\000e\000s}{}% 53
\BOOKMARK [1][-]{section.11}{\376\377\000C\000o\000n\000c\000l\000u\000s\000i\000o\000n\000e\000s}{}% 54
\BOOKMARK [2][-]{subsection.11.1}{\376\377\000R\000\372\000b\000r\000i\000c\000a\000\040\000p\000a\000r\000a\000\040\000e\000l\000\040\000c\000o\000n\000t\000e\000n\000i\000d\000o\000\040\000d\000e\000l\000\040\000I\000n\000f\000o\000r\000m\000e\000\040\000y\000\040\000d\000e\000m\000o\000s\000t\000r\000a\000c\000i\000\363\000n}{section.11}% 55
\BOOKMARK [1][-]{section.12}{\376\377\000R\000e\000f\000e\000r\000e\000n\000c\000i\000a\000s}{}% 56
